#
# A fatal error has been detected by the Java Runtime Environment:
#
#  SIGBUS (0xa) at pc=0x000000010aedc035, pid=5237, tid=0x0000000000009603
#
# JRE version: Java(TM) SE Runtime Environment (8.0_202-b08) (build 1.8.0_202-b08)
# Java VM: Java HotSpot(TM) 64-Bit Server VM (25.202-b08 mixed mode bsd-amd64 compressed oops)
# Problematic frame:
# V  [libjvm.dylib+0xdc035]  acl_CopyRight+0x2e
#
# Failed to write core dump. Core dumps have been disabled. To enable core dumping, try "ulimit -c unlimited" before starting Java again
#
# If you would like to submit a bug report, please visit:
#   http://bugreport.java.com/bugreport/crash.jsp
#

---------------  T H R E A D  ---------------

Current thread (0x00007fcdf717c000):  JavaThread "http-nio-8080-exec-7" daemon [_thread_in_vm, id=38403, stack(0x0000700009dd1000,0x0000700009ed1000)]

siginfo: si_signo: 10 (SIGBUS), si_code: 2 (BUS_ADRERR), si_addr: 0x000000012a9dd000

Registers:
RAX=0x000000076ea00e30, RBX=0x000000012a9dd000, RCX=0x000000012aadcff8, RDX=0xfffffffffffe0004
RSP=0x0000700009ece038, RBP=0x0000700009ece080, RSI=0x400d5a84e99fd16e, RDI=0x000000076e900e38
R8 =0x0000000000000000, R9 =0x000000012a9dd000, R10=0x0000000110166567, R11=0x0000000110166518
R12=0x0000700009ece0a0, R13=0x00007fcdf717c000, R14=0x0000000000000000, R15=0x0000000000000010
RIP=0x000000010aedc035, EFLAGS=0x0000000000010282, ERR=0x0000000000000006
  TRAPNO=0x000000000000000e

Top of Stack: (sp=0x0000700009ece038)
0x0000700009ece038:   000000010b388361 0000700009ece090
0x0000700009ece048:   00007fcdf717c000 00007fcdf717c000
0x0000700009ece058:   000000010d889c30 0000000000000000
0x0000700009ece068:   0000700009ece0e8 0000700009ece1e0
0x0000700009ece078:   00007fcdf717c000 0000700009ece0d0
0x0000700009ece088:   00000001101665e1 0000000000100000
0x0000700009ece098:   00000006c0000140 000000076e900e28
0x0000700009ece0a8:   000000010d961578 0000000000000000
0x0000700009ece0b8:   0000000128795950 0000700009ece0e0
0x0000700009ece0c8:   000000010af43952 0000700009ece170
0x0000700009ece0d8:   000000010fa1835d 000000010fa1835d
0x0000700009ece0e8:   0000000000100000 0000700009ece110
0x0000700009ece0f8:   000000012a9dd000 00007fcdfaa77738
0x0000700009ece108:   0000000000000000 0000000000000010
0x0000700009ece118:   00000001000000b6 000000076e900e28
0x0000700009ece128:   00000006c0000140 0000700009ece130
0x0000700009ece138:   000000010d96d08a 0000700009ece1e0
0x0000700009ece148:   000000010d96df30 0000000000000000
0x0000700009ece158:   000000010d96d0b8 0000700009ece0e8
0x0000700009ece168:   0000700009ece1a0 0000700009ece228
0x0000700009ece178:   000000010fa1835d 0000000000100000
0x0000700009ece188:   0000000000000000 0000000000000010
0x0000700009ece198:   0000000000000000 0000000000500000
0x0000700009ece1a8:   000000010fa17e70 000000012a9dd000
0x0000700009ece1b8:   000000076b80fe18 0000000000000000
0x0000700009ece1c8:   000000010fa17da0 0000000000000010
0x0000700009ece1d8:   000000010fa17da0 000000076e900e28
0x0000700009ece1e8:   0000700009ece1e8 000000010da0d845
0x0000700009ece1f8:   0000700009ece268 000000010da10be8
0x0000700009ece208:   0000000000000000 000000010da0d878
0x0000700009ece218:   0000700009ece1a0 0000700009ece250
0x0000700009ece228:   0000700009ece2b0 000000010fa180e0 

Instructions: (pc=0x000000010aedc035)
0x000000010aedc015:   08 48 89 74 d1 08 48 83 c2 01 75 f0 c3 0f 1f 80
0x000000010aedc025:   00 00 00 00 0f 1f 80 00 00 00 00 48 8b 74 d0 e8
0x000000010aedc035:   48 89 74 d1 e8 48 8b 74 d0 f0 48 89 74 d1 f0 48
0x000000010aedc045:   8b 74 d0 f8 48 89 74 d1 f8 48 8b 34 d0 48 89 34 

Register to memory mapping:

RAX=0x000000076ea00e30 is an oop
