#
# A fatal error has been detected by the Java Runtime Environment:
#
#  SIGBUS (0xa) at pc=0x000000010bedc035, pid=5142, tid=0x0000000000009803
#
# JRE version: Java(TM) SE Runtime Environment (8.0_202-b08) (build 1.8.0_202-b08)
# Java VM: Java HotSpot(TM) 64-Bit Server VM (25.202-b08 mixed mode bsd-amd64 compressed oops)
# Problematic frame:
# V  [libjvm.dylib+0xdc035]
#
# Failed to write core dump. Core dumps have been disabled. To enable core dumping, try "ulimit -c unlimited" before starting Java again
#
# If you would like to submit a bug report, please visit:
#   http://bugreport.java.com/bugreport/crash.jsp
#

---------------  T H R E A D  ---------------

Current thread (0x00007fb4e0057800):  JavaThread "http-nio-8080-exec-1" daemon [_thread_in_vm, id=38915, stack(0x0000700006d59000,0x0000700006e59000)]

siginfo: si_signo: 10 (SIGBUS), si_code: 2 (BUS_ADRERR), si_addr: 0x000000012b970000

Registers:
RAX=0x000000076d746a70, RBX=0x000000012b970000, RCX=0x000000012ba6fff8, RDX=0xfffffffffffe0004
RSP=0x0000700006e56038, RBP=0x0000700006e56080, RSI=0xe67e558cd1dfb591, RDI=0x000000076d646a78
R8 =0x0000000000000000, R9 =0x000000012b970000, R10=0x000000010dac40e7, R11=0x000000010dac4098
R12=0x0000700006e560a0, R13=0x00007fb4e0057800, R14=0x0000000000000000, R15=0x0000000000000010
RIP=0x000000010bedc035, EFLAGS=0x0000000000010282, ERR=0x0000000000000006
  TRAPNO=0x000000000000000e

Top of Stack: (sp=0x0000700006e56038)
0x0000700006e56038:   000000010c388361 0000700006e56090
0x0000700006e56048:   00007fb4e0057800 00007fb4e0057800
0x0000700006e56058:   0000000125916c30 0000000000000000
0x0000700006e56068:   0000700006e560e8 0000700006e561e0
0x0000700006e56078:   00007fb4e0057800 0000700006e560d0
0x0000700006e56088:   000000010dac4161 0000000000100000
0x0000700006e56098:   00000006c0000240 000000076d646a68
0x0000700006e560a8:   00000001259ee578 0000000000000000
0x0000700006e560b8:   0000000129725b38 0000700006e560e0
0x0000700006e560c8:   000000010bf43952 0000700006e56170
0x0000700006e560d8:   000000010d34635d 000000010d34635d
0x0000700006e560e8:   0000000000100000 0000700006e56110
0x0000700006e560f8:   000000012b970000 00007fb4e4d05bf8
0x0000700006e56108:   0000000000000000 0000000000000010
0x0000700006e56118:   00000001000000b6 000000076d646a68
0x0000700006e56128:   00000006c0000240 0000700006e56130
0x0000700006e56138:   00000001259fa08a 0000700006e561e0
0x0000700006e56148:   00000001259faf30 0000000000000000
0x0000700006e56158:   00000001259fa0b8 0000700006e560e8
0x0000700006e56168:   0000700006e561a0 0000700006e56228
0x0000700006e56178:   000000010d34635d 0000000000100000
0x0000700006e56188:   0000000000000000 0000000000000010
0x0000700006e56198:   0000000000000000 0000000000500000
0x0000700006e561a8:   000000010d345e70 000000012b970000
0x0000700006e561b8:   000000076af02cf0 0000000000000000
0x0000700006e561c8:   000000010d345da0 0000000000000010
0x0000700006e561d8:   000000010d345da0 000000076d646a68
0x0000700006e561e8:   0000700006e561e8 0000000125a9a845
0x0000700006e561f8:   0000700006e56268 0000000125a9dbe8
0x0000700006e56208:   0000000000000000 0000000125a9a878
0x0000700006e56218:   0000700006e561a0 0000700006e56250
0x0000700006e56228:   0000700006e562b0 000000010d3460e0 

Instructions: (pc=0x000000010bedc035)
0x000000010bedc015:   08 48 89 74 d1 08 48 83 c2 01 75 f0 c3 0f 1f 80
0x000000010bedc025:   00 00 00 00 0f 1f 80 00 00 00 00 48 8b 74 d0 e8
0x000000010bedc035:   48 89 74 d1 e8 48 8b 74 d0 f0 48 89 74 d1 f0 48
0x000000010bedc045:   8b 74 d0 f8 48 89 74 d1 f8 48 8b 34 d0 48 89 34 

Register to memory mapping:

RAX=0x000000076d746a70 is an oop
