#
# A fatal error has been detected by the Java Runtime Environment:
#
#  SIGBUS (0xa) at pc=0x00000001046dc035, pid=5240, tid=0x0000000000009903
#
# JRE version: Java(TM) SE Runtime Environment (8.0_202-b08) (build 1.8.0_202-b08)
# Java VM: Java HotSpot(TM) 64-Bit Server VM (25.202-b08 mixed mode bsd-amd64 compressed oops)
# Problematic frame:
# V  [libjvm.dylib+0xdc035]  acl_CopyRight+0x2e
#
# Failed to write core dump. Core dumps have been disabled. To enable core dumping, try "ulimit -c unlimited" before starting Java again
#
# If you would like to submit a bug report, please visit:
#   http://bugreport.java.com/bugreport/crash.jsp
#

---------------  T H R E A D  ---------------

Current thread (0x00007ffa8a9c8000):  JavaThread "http-nio-8080-exec-6" daemon [_thread_in_vm, id=39171, stack(0x000070000e2fb000,0x000070000e3fb000)]

siginfo: si_signo: 10 (SIGBUS), si_code: 2 (BUS_ADRERR), si_addr: 0x0000000124204000

Registers:
RAX=0x000000076cf67da8, RBX=0x0000000124204000, RCX=0x0000000124303ff8, RDX=0xfffffffffffe0004
RSP=0x000070000e3f7df8, RBP=0x000070000e3f7e40, RSI=0xe67e558cd1dfb591, RDI=0x000000076ce67db0
R8 =0x0000000000000000, R9 =0x0000000124204000, R10=0x0000000113576ca7, R11=0x0000000113576c58
R12=0x000070000e3f7e60, R13=0x00007ffa8a9c8000, R14=0x0000000000000000, R15=0x0000000000000010
RIP=0x00000001046dc035, EFLAGS=0x0000000000010282, ERR=0x0000000000000006
  TRAPNO=0x000000000000000e

Top of Stack: (sp=0x000070000e3f7df8)
0x000070000e3f7df8:   0000000104b88361 000070000e3f7e50
0x000070000e3f7e08:   00007ffa8a9c8000 00007ffa8a9c8000
0x000070000e3f7e18:   000000010f091c30 0000000000000000
0x000070000e3f7e28:   000070000e3f7ea8 000070000e3f7fa0
0x000070000e3f7e38:   00007ffa8a9c8000 000070000e3f7e90
0x000070000e3f7e48:   0000000113576d21 0000000000100000
0x000070000e3f7e58:   00000006c0015a10 000000076ce67da0
0x000070000e3f7e68:   000000010f169578 0000000000000000
0x000070000e3f7e78:   00000001220126e0 000070000e3f7ea0
0x000070000e3f7e88:   0000000104743952 000070000e3f7f30
0x000070000e3f7e98:   0000000112e0c35d 0000000112e0c35d
0x000070000e3f7ea8:   0000000000100000 000070000e3f7ed0
0x000070000e3f7eb8:   0000000124204000 00007ffa8ea58078
0x000070000e3f7ec8:   0000000000000000 0000000000000010
0x000070000e3f7ed8:   00000001000000b6 000000076ce67da0
0x000070000e3f7ee8:   00000006c0015a10 000070000e3f7ef0
0x000070000e3f7ef8:   000000010f17508a 000070000e3f7fa0
0x000070000e3f7f08:   000000010f175f30 0000000000000000
0x000070000e3f7f18:   000000010f1750b8 000070000e3f7ea8
0x000070000e3f7f28:   000070000e3f7f60 000070000e3f7fe8
0x000070000e3f7f38:   0000000112e0c35d 0000000000100000
0x000070000e3f7f48:   0000000000000000 0000000000000010
0x000070000e3f7f58:   0000000000000000 0000000000500000
0x000070000e3f7f68:   0000000112e0be70 0000000124204000
0x000070000e3f7f78:   000000076bb7b460 0000000000000000
0x000070000e3f7f88:   0000000112e0bda0 0000000000000010
0x000070000e3f7f98:   0000000112e0bda0 000000076ce67da0
0x000070000e3f7fa8:   000070000e3f7fa8 000000010f215845
0x000070000e3f7fb8:   000070000e3f8028 000000010f218be8
0x000070000e3f7fc8:   0000000000000000 000000010f215878
0x000070000e3f7fd8:   000070000e3f7f60 000070000e3f8010
0x000070000e3f7fe8:   000070000e3f8070 0000000112e0c0e0 

Instructions: (pc=0x00000001046dc035)
0x00000001046dc015:   08 48 89 74 d1 08 48 83 c2 01 75 f0 c3 0f 1f 80
0x00000001046dc025:   00 00 00 00 0f 1f 80 00 00 00 00 48 8b 74 d0 e8
0x00000001046dc035:   48 89 74 d1 e8 48 8b 74 d0 f0 48 89 74 d1 f0 48
0x00000001046dc045:   8b 74 d0 f8 48 89 74 d1 f8 48 8b 34 d0 48 89 34 

Register to memory mapping:

RAX=0x000000076cf67da8 is an oop
